<?xml version="1.0" encoding="UTF-8"?>
<!-- Generated by org.testng.reporters.JUnitXMLReporter -->
<testsuite hostname="DESKTOP-S3ACQ4A" ignored="0" name="Login Test" tests="5" failures="2" timestamp="04 Jun 2020 19:30:39 GMT" time="19.315" errors="0">
  <testcase name="loginDDT" time="0.985" classname="com.SelMiniProj.testCases.TC_LoginDDT_002"/>
  <testcase name="loginDDT" time="0.685" classname="com.SelMiniProj.testCases.TC_LoginDDT_002">
    <failure type="java.lang.AssertionError" message="expected [true] but found [false]">
      <![CDATA[java.lang.AssertionError: expected [true] but found [false]
at com.SelMiniProj.testCases.TC_LoginDDT_002.loginDDT(TC_LoginDDT_002.java:43)
... Removed 29 stack frames]]>
    </failure>
  </testcase> <!-- loginDDT -->
  <testcase name="loginDDT" time="0.66" classname="com.SelMiniProj.testCases.TC_LoginDDT_002">
    <failure type="java.lang.AssertionError" message="expected [true] but found [false]">
      <![CDATA[java.lang.AssertionError: expected [true] but found [false]
at com.SelMiniProj.testCases.TC_LoginDDT_002.loginDDT(TC_LoginDDT_002.java:43)
... Removed 29 stack frames]]>
    </failure>
  </testcase> <!-- loginDDT -->
  <testcase name="loginDDT" time="0.387" classname="com.SelMiniProj.testCases.TC_LoginDDT_002"/>
  <testcase name="loginDDT" time="0.445" classname="com.SelMiniProj.testCases.TC_LoginDDT_002"/>
</testsuite> <!-- Login Test -->
